{"timestamp":"2026-05-24T17:40:23.513Z","level":"LOG","message":"Servidor rodando na porta 3000"}
{"timestamp":"2026-05-24T17:42:32.408Z","level":"LOG","message":"Servidor rodando na porta 3000"}
{"timestamp":"2026-05-24T17:43:27.699Z","level":"LOG","message":"Servidor rodando na porta 3000"}
{"timestamp":"2026-05-24T17:45:34.797Z","level":"LOG","message":"Servidor rodando na porta 3000"}
{"timestamp":"2026-05-24T17:51:04.030Z","level":"LOG","message":"Servidor rodando na porta 3000"}
{"timestamp":"2026-05-24T18:01:42.658Z","level":"LOG","message":"Servidor rodando na porta 3000"}
{"timestamp":"2026-05-24T18:12:30.712Z","level":"LOG","message":"Servidor rodando na porta 3000"}
{"timestamp":"2026-05-24T18:17:16.883Z","level":"LOG","message":"Servidor rodando na porta 3000"}
{"timestamp":"2026-05-24T18:18:32.218Z","level":"LOG","message":"Servidor rodando na porta 3000"}
{"timestamp":"2026-05-24T18:24:01.885Z","level":"LOG","message":"Servidor rodando na porta 3000"}
{"timestamp":"2026-05-24T18:24:18.435Z","level":"LOG","message":"Servidor rodando na porta 3000"}
{"timestamp":"2026-05-24T18:36:10.238Z","level":"LOG","message":"Servidor rodando na porta 3000"}
{"timestamp":"2026-05-24T18:39:41.334Z","level":"LOG","message":"Servidor rodando na porta 3000"}
{"timestamp":"2026-05-24T18:41:59.995Z","level":"LOG","message":"Servidor rodando na porta 3000"}
{"timestamp":"2026-05-24T20:04:37.449Z","level":"LOG","message":"Servidor rodando na porta 3000"}
{"timestamp":"2026-05-24T20:04:37.939Z","level":"LOG","message":"Servidor rodando na porta 3000"}
{"timestamp":"2026-05-24T22:08:03.266Z","level":"LOG","message":"Servidor rodando na porta 3000"}
{"timestamp":"2026-05-24T22:08:09.381Z","level":"LOG","message":"Servidor rodando na porta 3000"}
{"timestamp":"2026-05-24T22:51:50.655Z","level":"LOG","message":"Servidor rodando na porta 3000"}
{"timestamp":"2026-05-24T22:58:58.036Z","level":"LOG","message":"Servidor rodando na porta 3000"}
{"timestamp":"2026-05-24T23:00:26.251Z","level":"LOG","message":"Servidor rodando na porta 3000"}
{"timestamp":"2026-05-24T23:12:21.685Z","level":"LOG","message":"Servidor rodando na porta 3000"}
{"timestamp":"2026-05-24T23:19:49.323Z","level":"LOG","message":"Servidor rodando na porta 3000"}
{"timestamp":"2026-05-24T23:25:31.964Z","level":"LOG","message":"Servidor rodando na porta 3000"}
{"timestamp":"2026-05-24T23:26:51.773Z","level":"LOG","message":"Servidor rodando na porta 3000"}
{"timestamp":"2026-05-24T23:27:56.222Z","level":"LOG","message":"Servidor rodando na porta 3000"}
{"timestamp":"2026-05-24T23:29:18.393Z","level":"LOG","message":"Servidor rodando na porta 3000"}
{"timestamp":"2026-06-02T21:05:45.885Z","level":"ERROR","message":"http.Server.listen() was called more than once, ignore."}
{"timestamp":"2026-06-02T21:05:45.886Z","level":"LOG","message":"[JL Autos ERP] Server running in production mode on port 5001"}
{"timestamp":"2026-06-02T21:05:45.887Z","level":"ERROR","message":"http.Server.listen() was called more than once, ignore."}
{"timestamp":"2026-06-02T21:05:45.889Z","level":"LOG","message":"[JL Autos ERP] Server running in production mode on port 5001"}
{"timestamp":"2026-06-02T21:05:45.952Z","level":"WARN","message":"Failed to resolve IPv4 addresses with current network"}
{"timestamp":"2026-06-02T21:05:45.952Z","level":"WARN","message":"Failed to resolve IPv4 addresses with current network"}
{"timestamp":"2026-06-02T21:05:46.105Z","level":"LOG","message":"prisma:error \nInvalid `prisma.$queryRaw()` invocation:\n\n\nQuery engine exited with code 101\n\nthread 'main' panicked at /root/.cargo/registry/src/index.crates.io-6f17d22bba15001f/futures-timer-3.0.2/src/native/delay.rs:112:21:\ntimer has gone away\nstack backtrace:\nnote: Some details are omitted, run with `RUST_BACKTRACE=full` for a verbose backtrace.\nthread 'main' panicked at /root/.cargo/registry/src/index.crates.io-6f17d22bba15001f/futures-timer-3.0.2/src/native/delay.rs:112:21:\ntimer has gone away\nstack backtrace:\nnote: Some details are omitted, run with `RUST_BACKTRACE=full` for a verbose backtrace.\nthread 'main' panicked at /root/.cargo/registry/src/index.crates.io-6f17d22bba15001f/futures-timer-3.0.2/src/native/delay.rs:112:21:\ntimer has gone away\nstack backtrace:\nnote: Some details are omitted, run with `RUST_BACKTRACE=full` for a verbose backtrace.\nthread 'main' panicked at /root/.cargo/registry/src/index.crates.io-6f17d22bba15001f/futures-timer-3.0.2/src/native/delay.rs:112:21:\ntimer has gone away\nstack backtrace:\nnote: Some details are omitted, run with `RUST_BACKTRACE=full` for a verbose backtrace.\nthread 'main' panicked at /root/.cargo/registry/src/index.crates.io-6f17d22bba15001f/futures-timer-3.0.2/src/native/delay.rs:112:21:\ntimer has gone away\nstack backtrace:\nnote: Some details are omitted, run with `RUST_BACKTRACE=full` for a verbose backtrace.\nthread 'main' panicked at /root/.cargo/registry/src/index.crates.io-6f17d22bba15001f/futures-timer-3.0.2/src/native/delay.rs:112:21:\ntimer has gone away\nstack backtrace:\nnote: Some details are omitted, run with `RUST_BACKTRACE=full` for a verbose backtrace.\nthread 'main' panicked at /root/.cargo/registry/src/index.crates.io-6f17d22bba15001f/futures-timer-3.0.2/src/native/delay.rs:112:21:\ntimer has gone away\nstack backtrace:\nnote: Some details are omitted, run with `RUST_BACKTRACE=full` for a verbose backtrace.\nthread 'main' panicked at /root/.cargo/registry/src/index.crates.io-6f17d22bba15001f/futures-timer-3.0.2/src/native/delay.rs:112:21:\ntimer has gone away\nstack backtrace:\nnote: Some details are omitted, run with `RUST_BACKTRACE=full` for a verbose backtrace.\nthread 'main' panicked at /root/.cargo/registry/src/index.crates.io-6f17d22bba15001f/futures-timer-3.0.2/src/native/delay.rs:112:21:\ntimer has gone away\nstack backtrace:\nnote: Some details are omitted, run with `RUST_BACKTRACE=full` for a verbose backtrace.\nthread 'main' panicked at /root/.cargo/registry/src/index.crates.io-6f17d22bba15001f/futures-timer-3.0.2/src/native/delay.rs:112:21:\ntimer has gone away\nstack backtrace:\nnote: Some details are omitted, run with `RUST_BACKTRACE=full` for a verbose backtrace.\nthread 'main' panicked at /root/.cargo/registry/src/index.crates.io-6f17d22bba15001f/futures-timer-3.0.2/src/native/delay.rs:112:21:\ntimer has gone away\nstack backtrace:\nnote: Some details are omitted, run with `RUST_BACKTRACE=full` for a verbose backtrace."}
{"timestamp":"2026-06-02T21:05:46.105Z","level":"ERROR","message":"[DB] ❌ Database connection FAILED: \nInvalid `prisma.$queryRaw()` invocation:\n\n\nQuery engine exited with code 101\n\nthread 'main' panicked at /root/.cargo/registry/src/index.crates.io-6f17d22bba15001f/futures-timer-3.0.2/src/native/delay.rs:112:21:\ntimer has gone away\nstack backtrace:\nnote: Some details are omitted, run with `RUST_BACKTRACE=full` for a verbose backtrace.\nthread 'main' panicked at /root/.cargo/registry/src/index.crates.io-6f17d22bba15001f/futures-timer-3.0.2/src/native/delay.rs:112:21:\ntimer has gone away\nstack backtrace:\nnote: Some details are omitted, run with `RUST_BACKTRACE=full` for a verbose backtrace.\nthread 'main' panicked at /root/.cargo/registry/src/index.crates.io-6f17d22bba15001f/futures-timer-3.0.2/src/native/delay.rs:112:21:\ntimer has gone away\nstack backtrace:\nnote: Some details are omitted, run with `RUST_BACKTRACE=full` for a verbose backtrace.\nthread 'main' panicked at /root/.cargo/registry/src/index.crates.io-6f17d22bba15001f/futures-timer-3.0.2/src/native/delay.rs:112:21:\ntimer has gone away\nstack backtrace:\nnote: Some details are omitted, run with `RUST_BACKTRACE=full` for a verbose backtrace.\nthread 'main' panicked at /root/.cargo/registry/src/index.crates.io-6f17d22bba15001f/futures-timer-3.0.2/src/native/delay.rs:112:21:\ntimer has gone away\nstack backtrace:\nnote: Some details are omitted, run with `RUST_BACKTRACE=full` for a verbose backtrace.\nthread 'main' panicked at /root/.cargo/registry/src/index.crates.io-6f17d22bba15001f/futures-timer-3.0.2/src/native/delay.rs:112:21:\ntimer has gone away\nstack backtrace:\nnote: Some details are omitted, run with `RUST_BACKTRACE=full` for a verbose backtrace.\nthread 'main' panicked at /root/.cargo/registry/src/index.crates.io-6f17d22bba15001f/futures-timer-3.0.2/src/native/delay.rs:112:21:\ntimer has gone away\nstack backtrace:\nnote: Some details are omitted, run with `RUST_BACKTRACE=full` for a verbose backtrace.\nthread 'main' panicked at /root/.cargo/registry/src/index.crates.io-6f17d22bba15001f/futures-timer-3.0.2/src/native/delay.rs:112:21:\ntimer has gone away\nstack backtrace:\nnote: Some details are omitted, run with `RUST_BACKTRACE=full` for a verbose backtrace.\nthread 'main' panicked at /root/.cargo/registry/src/index.crates.io-6f17d22bba15001f/futures-timer-3.0.2/src/native/delay.rs:112:21:\ntimer has gone away\nstack backtrace:\nnote: Some details are omitted, run with `RUST_BACKTRACE=full` for a verbose backtrace.\nthread 'main' panicked at /root/.cargo/registry/src/index.crates.io-6f17d22bba15001f/futures-timer-3.0.2/src/native/delay.rs:112:21:\ntimer has gone away\nstack backtrace:\nnote: Some details are omitted, run with `RUST_BACKTRACE=full` for a verbose backtrace.\nthread 'main' panicked at /root/.cargo/registry/src/index.crates.io-6f17d22bba15001f/futures-timer-3.0.2/src/native/delay.rs:112:21:\ntimer has gone away\nstack backtrace:\nnote: Some details are omitted, run with `RUST_BACKTRACE=full` for a verbose backtrace."}
{"timestamp":"2026-06-02T21:05:46.105Z","level":"ERROR","message":"[DB] Check your DATABASE_URL in backend/.env"}
{"timestamp":"2026-06-02T21:05:46.660Z","level":"ERROR","message":"SMTP Connection Warning: Missing credentials for \"PLAIN\""}
{"timestamp":"2026-06-02T21:05:46.663Z","level":"ERROR","message":"SMTP Connection Warning: Missing credentials for \"PLAIN\""}
{"timestamp":"2026-06-02T21:16:54.149Z","level":"ERROR","message":"http.Server.listen() was called more than once, ignore."}
{"timestamp":"2026-06-02T21:16:54.151Z","level":"LOG","message":"[JL Autos ERP] Server running in production mode on port 5001"}
{"timestamp":"2026-06-02T21:16:54.290Z","level":"LOG","message":"[DB] ✅ Database connection established successfully."}
{"timestamp":"2026-06-02T21:16:54.492Z","level":"WARN","message":"Failed to resolve IPv4 addresses with current network"}
{"timestamp":"2026-06-02T21:16:55.203Z","level":"ERROR","message":"SMTP Connection Warning: Missing credentials for \"PLAIN\""}
{"timestamp":"2026-06-02T21:16:55.221Z","level":"LOG","message":"prisma:error \nInvalid `prisma.testDriveBooking.count()` invocation:\n\n\nThe table `TestDriveBooking` does not exist in the current database."}
{"timestamp":"2026-06-02T21:16:55.291Z","level":"LOG","message":"prisma:error \nInvalid `prisma.testDriveBooking.findMany()` invocation:\n\n\nThe table `TestDriveBooking` does not exist in the current database."}
{"timestamp":"2026-06-02T21:16:55.292Z","level":"LOG","message":"prisma:error \nInvalid `prisma.testDriveBooking.count()` invocation:\n\n\nThe table `TestDriveBooking` does not exist in the current database."}
{"timestamp":"2026-06-02T21:16:55.390Z","level":"LOG","message":"prisma:error \nInvalid `prisma.user.findMany()` invocation:\n\n\nThe table `Booking` does not exist in the current database."}
{"timestamp":"2026-06-02T21:18:28.682Z","level":"LOG","message":"prisma:error \nInvalid `prisma.testDriveBooking.findMany()` invocation:\n\n\nThe table `TestDriveBooking` does not exist in the current database."}
{"timestamp":"2026-06-02T21:18:33.864Z","level":"LOG","message":"prisma:error \nInvalid `prisma.testDriveBooking.findMany()` invocation:\n\n\nThe table `TestDriveBooking` does not exist in the current database."}
{"timestamp":"2026-06-02T21:18:37.177Z","level":"LOG","message":"prisma:error \nInvalid `prisma.testDriveBooking.findMany()` invocation:\n\n\nThe table `TestDriveBooking` does not exist in the current database."}
{"timestamp":"2026-06-02T21:18:42.709Z","level":"LOG","message":"prisma:error \nInvalid `prisma.testDriveBooking.findMany()` invocation:\n\n\nThe table `TestDriveBooking` does not exist in the current database."}
